<?xml version="1.0" encoding="UTF-8"?>
<!-- Generated by org.testng.reporters.JUnitXMLReporter -->
<testsuite ignored="0" hostname="LAPTOP-SCV3I6LD" failures="0" tests="4" name="Default test" time="7.14" errors="0" timestamp="2025-01-23T00:41:41 IST">
  <testcase classname="basicRequests.HTTPRequests" name="getUser" time="4.224"/>
  <testcase classname="basicRequests.HTTPRequests" name="createUser" time="1.219"/>
  <testcase classname="basicRequests.HTTPRequests" name="updateUser" time="0.716"/>
  <testcase classname="basicRequests.HTTPRequests" name="deleteUser" time="0.838"/>
</testsuite> <!-- Default test -->
