<?xml version="1.0" encoding="UTF-8"?>
<testng-results ignored="0" total="4" passed="4" failed="0" skipped="0">
  <reporter-output>
  </reporter-output>
  <suite started-at="2025-01-23T00:41:33 IST" name="Default suite" finished-at="2025-01-23T00:41:41 IST" duration-ms="7140">
    <groups>
    </groups>
    <test started-at="2025-01-23T00:41:33 IST" name="Default test" finished-at="2025-01-23T00:41:41 IST" duration-ms="7140">
      <class name="basicRequests.HTTPRequests">
        <test-method signature="getUser()[pri:1, instance:basicRequests.HTTPRequests@7cc0cdad]" started-at="2025-01-23T00:41:34 IST" name="getUser" finished-at="2025-01-23T00:41:38 IST" duration-ms="4224" status="PASS">
          <reporter-output>
          </reporter-output>
        </test-method> <!-- getUser -->
        <test-method signature="createUser()[pri:2, instance:basicRequests.HTTPRequests@7cc0cdad]" started-at="2025-01-23T00:41:38 IST" name="createUser" finished-at="2025-01-23T00:41:39 IST" duration-ms="1219" status="PASS">
          <reporter-output>
          </reporter-output>
        </test-method> <!-- createUser -->
        <test-method signature="updateUser()[pri:3, instance:basicRequests.HTTPRequests@7cc0cdad]" started-at="2025-01-23T00:41:39 IST" name="updateUser" finished-at="2025-01-23T00:41:40 IST" depends-on-methods="basicRequests.HTTPRequests.createUser" duration-ms="716" status="PASS">
          <reporter-output>
          </reporter-output>
        </test-method> <!-- updateUser -->
        <test-method signature="deleteUser()[pri:4, instance:basicRequests.HTTPRequests@7cc0cdad]" started-at="2025-01-23T00:41:40 IST" name="deleteUser" finished-at="2025-01-23T00:41:41 IST" duration-ms="838" status="PASS">
          <reporter-output>
          </reporter-output>
        </test-method> <!-- deleteUser -->
      </class> <!-- basicRequests.HTTPRequests -->
    </test> <!-- Default test -->
  </suite> <!-- Default suite -->
</testng-results>
